<?xml version="1.0" encoding="UTF-8"?>
<!-- Generated by org.testng.reporters.JUnitReportReporter -->
<testsuite skipped="0" hostname="LAPTOP-FB68D8EQ" name="TestNGBasic.SpiceJetTest" tests="3" failures="0" timestamp="2020-03-25T09:47:54 NZDT" time="52.093" errors="0">
  <testcase name="titleTest" time="14.120" classname="TestNGBasic.SpiceJetTest"/>
  <system-out/>
  <testcase name="loginButtonTest" time="15.607" classname="TestNGBasic.SpiceJetTest"/>
  <system-out/>
  <testcase name="logoTest" time="22.366" classname="TestNGBasic.SpiceJetTest"/>
  <system-out/>
</testsuite> <!-- TestNGBasic.SpiceJetTest -->
