<?xml version="1.0" encoding="UTF-8"?>
<!-- Generated by org.testng.reporters.JUnitReportReporter -->
<testsuite skipped="0" hostname="LAPTOP-FB68D8EQ" name="TestNGBasic.testNGFirst" tests="1" failures="0" timestamp="2020-03-18T07:25:59 NZDT" time="0.005" errors="0">
  <testcase name="googleTitleTest" time="0.005" classname="TestNGBasic.testNGFirst"/>
  <system-out/>
</testsuite> <!-- TestNGBasic.testNGFirst -->
