<?xml version="1.0" encoding="UTF-8"?>
<!-- Generated by org.testng.reporters.JUnitReportReporter -->
<testsuite skipped="0" hostname="LAPTOP-FB68D8EQ" name="TestNGBasic.InvocationCount" tests="10" failures="0" timestamp="2020-03-25T09:46:50 NZDT" time="0.024" errors="0">
  <testcase name="sum" time="0.001" classname="TestNGBasic.InvocationCount"/>
  <system-out/>
  <testcase name="sum" time="0.001" classname="TestNGBasic.InvocationCount"/>
  <system-out/>
  <testcase name="sum" time="0.001" classname="TestNGBasic.InvocationCount"/>
  <system-out/>
  <testcase name="sum" time="0.001" classname="TestNGBasic.InvocationCount"/>
  <system-out/>
  <testcase name="sum" time="0.002" classname="TestNGBasic.InvocationCount"/>
  <system-out/>
  <testcase name="sum" time="0.002" classname="TestNGBasic.InvocationCount"/>
  <system-out/>
  <testcase name="sum" time="0.002" classname="TestNGBasic.InvocationCount"/>
  <system-out/>
  <testcase name="sum" time="0.011" classname="TestNGBasic.InvocationCount"/>
  <system-out/>
  <testcase name="sum" time="0.001" classname="TestNGBasic.InvocationCount"/>
  <system-out/>
  <testcase name="sum" time="0.002" classname="TestNGBasic.InvocationCount"/>
  <system-out/>
</testsuite> <!-- TestNGBasic.InvocationCount -->
